\BOOKMARK [1][-]{section.1}{Introduction}{}% 1
\BOOKMARK [2][-]{subsection.1.1}{About FIM4R}{section.1}% 2
\BOOKMARK [2][-]{subsection.1.2}{Vision}{section.1}% 3
\BOOKMARK [2][-]{subsection.1.3}{Structure of the Paper}{section.1}% 4
\BOOKMARK [1][-]{section.2}{The Evolution of Federated Identity Management}{}% 5
\BOOKMARK [2][-]{subsection.2.1}{The Research Community Proxy}{section.2}% 6
\BOOKMARK [2][-]{subsection.2.2}{Impact of the FIM4R v1 White Paper}{section.2}% 7
\BOOKMARK [2][-]{subsection.2.3}{Successes}{section.2}% 8
\BOOKMARK [2][-]{subsection.2.4}{Outstanding Challenges}{section.2}% 9
\BOOKMARK [1][-]{section.3}{Research Community Characteristics and Status}{}% 10
\BOOKMARK [1][-]{section.4}{Analysis of Common Requirements}{}% 11
\BOOKMARK [2][-]{subsection.4.1}{Requirements Collection}{section.4}% 12
\BOOKMARK [2][-]{subsection.4.2}{Requirements Categories}{section.4}% 13
\BOOKMARK [2][-]{subsection.4.3}{FIM Ecosystem Constituents}{section.4}% 14
\BOOKMARK [2][-]{subsection.4.4}{Requirements Matrix}{section.4}% 15
\BOOKMARK [2][-]{subsection.4.5}{Analysis of Requirements}{section.4}% 16
\BOOKMARK [3][-]{subsubsection.4.5.1}{Distribution of Requirements Across FIM Constituents}{subsection.4.5}% 17
\BOOKMARK [3][-]{subsubsection.4.5.2}{Relative Importance of the Requirements}{subsection.4.5}% 18
\BOOKMARK [1][-]{section.5}{Recommendations}{}% 19
\BOOKMARK [2][-]{subsection.5.1}{Governance and Coordination}{section.5}% 20
\BOOKMARK [3][-]{subsubsection.5.1.1}{Increase research representation in FIM governance}{subsection.5.1}% 21
\BOOKMARK [3][-]{subsubsection.5.1.2}{Sustain operation of critical FIM services}{subsection.5.1}% 22
\BOOKMARK [3][-]{subsubsection.5.1.3}{Provide avenues for ongoing coordination}{subsection.5.1}% 23
\BOOKMARK [2][-]{subsection.5.2}{Baseline of Research User Experience}{section.5}% 24
\BOOKMARK [3][-]{subsubsection.5.2.1}{Release Research \046 Scholarship attributes}{subsection.5.2}% 25
\BOOKMARK [3][-]{subsubsection.5.2.2}{Provide usability essentials}{subsection.5.2}% 26
\BOOKMARK [3][-]{subsubsection.5.2.3}{Remove interoperability barriers in eduGAIN metadata processes}{subsection.5.2}% 27
\BOOKMARK [3][-]{subsubsection.5.2.4}{Admit research organisations to federation}{subsection.5.2}% 28
\BOOKMARK [3][-]{subsubsection.5.2.5}{Enable researcher mobility}{subsection.5.2}% 29
\BOOKMARK [2][-]{subsection.5.3}{Security Incident Response Readiness}{section.5}% 30
\BOOKMARK [2][-]{subsection.5.4}{Harmonisation of Research Community Proxy Operations and Practices}{section.5}% 31
\BOOKMARK [3][-]{subsubsection.5.4.1}{Follow the proxy model and related AARC guidelines}{subsection.5.4}% 32
\BOOKMARK [3][-]{subsubsection.5.4.2}{Re-use shared AAI and related services}{subsection.5.4}% 33
\BOOKMARK [2][-]{subsection.5.5}{Sensitive Research User Experience}{section.5}% 34
\BOOKMARK [2][-]{subsection.5.6}{Mapping of Groups to Recommendations}{section.5}% 35
\BOOKMARK [1][-]{section.6}{Next Steps}{}% 36
\BOOKMARK [1][-]{section.6}{References}{}% 37
\BOOKMARK [1][-]{section.6}{Acknowledgements}{}% 38
\BOOKMARK [1][-]{appendix.A}{Appendix: Authors}{}% 39
\BOOKMARK [1][-]{appendix.B}{Appendix: Descriptions of Contributing Research Communities}{}% 40
\BOOKMARK [2][-]{subsection.B.1}{Arts and Humanities}{appendix.B}% 41
\BOOKMARK [2][-]{subsection.B.2}{Climate Science}{appendix.B}% 42
\BOOKMARK [2][-]{subsection.B.3}{Earth Observation \(EO\)}{appendix.B}% 43
\BOOKMARK [2][-]{subsection.B.4}{European Neutron and Photon Facilities \(umbrellaID\)}{appendix.B}% 44
\BOOKMARK [2][-]{subsection.B.5}{Gamma-Ray Astronomy}{appendix.B}% 45
\BOOKMARK [3][-]{subsubsection.B.5.1}{Implementation of the CTA AAI}{subsection.B.5}% 46
\BOOKMARK [2][-]{subsection.B.6}{Gravitational Wave Astronomy}{appendix.B}% 47
\BOOKMARK [3][-]{subsubsection.B.6.1}{gw-astronomy.org}{subsection.B.6}% 48
\BOOKMARK [3][-]{subsubsection.B.6.2}{Laser Interferometer Gravitational Wave Observatory \(LIGO\)}{subsection.B.6}% 49
\BOOKMARK [3][-]{subsubsection.B.6.3}{Virgo Collaboration}{subsection.B.6}% 50
\BOOKMARK [3][-]{subsubsection.B.6.4}{Kamioka Gravitational Wave Detector \(KAGRA\)}{subsection.B.6}% 51
\BOOKMARK [2][-]{subsection.B.7}{High Energy Physics}{appendix.B}% 52
\BOOKMARK [3][-]{subsubsection.B.7.1}{HNSciCloud}{subsection.B.7}% 53
\BOOKMARK [2][-]{subsection.B.8}{Ionospheric and Atmospheric Science}{appendix.B}% 54
\BOOKMARK [3][-]{subsubsection.B.8.1}{Current Implementation of EISCAT AAI}{subsection.B.8}% 55
\BOOKMARK [3][-]{subsubsection.B.8.2}{Future requirements for EISCAT\1373D AAI}{subsection.B.8}% 56
\BOOKMARK [2][-]{subsection.B.9}{Infectious Disease Research}{appendix.B}% 57
\BOOKMARK [3][-]{subsubsection.B.9.1}{National Institute of Allergy and Infectious Diseases Virtual Research Organization Platform}{subsection.B.9}% 58
\BOOKMARK [2][-]{subsection.B.10}{Life Sciences}{appendix.B}% 59
\BOOKMARK [3][-]{subsubsection.B.10.1}{Reference Implementation AAI}{subsection.B.10}% 60
\BOOKMARK [3][-]{subsubsection.B.10.2}{Sensitive data access models are evolving}{subsection.B.10}% 61
\BOOKMARK [2][-]{subsection.B.11}{Linguistics}{appendix.B}% 62
\BOOKMARK [2][-]{subsection.B.12}{Nuclear Physics}{appendix.B}% 63
\BOOKMARK [3][-]{subsubsection.B.12.1}{FAIR}{subsection.B.12}% 64
\BOOKMARK [3][-]{subsubsection.B.12.2}{Italian National Institute for Nuclear Physics \(INFN\)}{subsection.B.12}% 65
\BOOKMARK [2][-]{subsection.B.13}{Radio Astronomy}{appendix.B}% 66
\BOOKMARK [3][-]{subsubsection.B.13.1}{Murchison Widefield Array \(MWA\)}{subsection.B.13}% 67
\BOOKMARK [3][-]{subsubsection.B.13.2}{Square Kilometre Array \(SKA\)}{subsection.B.13}% 68
\BOOKMARK [2][-]{subsection.B.14}{Virtual Atomic and Molecular Data Centre}{appendix.B}% 69
