This is pdfTeX, Version 3.14159265-2.6-1.40.16 (TeX Live 2015) (preloaded format=pdflatex 2016.3.22)  3 JUL 2018 15:41
entering extended mode
 restricted \write18 enabled.
 %&-line parsing enabled.
**fim4rv2.tex
(./fim4rv2.tex
LaTeX2e <2015/01/01>
Babel <3.9l> and hyphenation patterns for 79 languages loaded.
(/usr/local/texlive/2015/texmf-dist/tex/latex/etoolbox/etoolbox.sty
Package: etoolbox 2015/05/04 v2.2 e-TeX tools for LaTeX (JAW)
\etb@tempcnta=\count79
)
(./wlscirep.cls
Document Class: wlscirep 27/02/2017, v1.3
(/usr/local/texlive/2015/texmf-dist/tex/latex/base/inputenc.sty
Package: inputenc 2015/03/17 v1.2c Input encoding file
\inpenc@prehook=\toks14
\inpenc@posthook=\toks15

(/usr/local/texlive/2015/texmf-dist/tex/latex/base/utf8.def
File: utf8.def 2014/09/29 v1.1m UTF-8 support for inputenc
Now handling font encoding OML ...
... no UTF-8 mapping file for font encoding OML
Now handling font encoding T1 ...
... processing UTF-8 mapping file for font encoding T1

(/usr/local/texlive/2015/texmf-dist/tex/latex/base/t1enc.dfu
File: t1enc.dfu 2014/09/29 v1.1m UTF-8 support for inputenc
   defining Unicode char U+00A1 (decimal 161)
   defining Unicode char U+00A3 (decimal 163)
   defining Unicode char U+00AB (decimal 171)
   defining Unicode char U+00BB (decimal 187)
   defining Unicode char U+00BF (decimal 191)
   defining Unicode char U+00C0 (decimal 192)
   defining Unicode char U+00C1 (decimal 193)
   defining Unicode char U+00C2 (decimal 194)
   defining Unicode char U+00C3 (decimal 195)
   defining Unicode char U+00C4 (decimal 196)
   defining Unicode char U+00C5 (decimal 197)
   defining Unicode char U+00C6 (decimal 198)
   defining Unicode char U+00C7 (decimal 199)
   defining Unicode char U+00C8 (decimal 200)
   defining Unicode char U+00C9 (decimal 201)
   defining Unicode char U+00CA (decimal 202)
   defining Unicode char U+00CB (decimal 203)
   defining Unicode char U+00CC (decimal 204)
   defining Unicode char U+00CD (decimal 205)
   defining Unicode char U+00CE (decimal 206)
   defining Unicode char U+00CF (decimal 207)
   defining Unicode char U+00D0 (decimal 208)
   defining Unicode char U+00D1 (decimal 209)
   defining Unicode char U+00D2 (decimal 210)
   defining Unicode char U+00D3 (decimal 211)
   defining Unicode char U+00D4 (decimal 212)
   defining Unicode char U+00D5 (decimal 213)
   defining Unicode char U+00D6 (decimal 214)
   defining Unicode char U+00D8 (decimal 216)
   defining Unicode char U+00D9 (decimal 217)
   defining Unicode char U+00DA (decimal 218)
   defining Unicode char U+00DB (decimal 219)
   defining Unicode char U+00DC (decimal 220)
   defining Unicode char U+00DD (decimal 221)
   defining Unicode char U+00DE (decimal 222)
   defining Unicode char U+00DF (decimal 223)
   defining Unicode char U+00E0 (decimal 224)
   defining Unicode char U+00E1 (decimal 225)
   defining Unicode char U+00E2 (decimal 226)
   defining Unicode char U+00E3 (decimal 227)
   defining Unicode char U+00E4 (decimal 228)
   defining Unicode char U+00E5 (decimal 229)
   defining Unicode char U+00E6 (decimal 230)
   defining Unicode char U+00E7 (decimal 231)
   defining Unicode char U+00E8 (decimal 232)
   defining Unicode char U+00E9 (decimal 233)
   defining Unicode char U+00EA (decimal 234)
   defining Unicode char U+00EB (decimal 235)
   defining Unicode char U+00EC (decimal 236)
   defining Unicode char U+00ED (decimal 237)
   defining Unicode char U+00EE (decimal 238)
   defining Unicode char U+00EF (decimal 239)
   defining Unicode char U+00F0 (decimal 240)
   defining Unicode char U+00F1 (decimal 241)
   defining Unicode char U+00F2 (decimal 242)
   defining Unicode char U+00F3 (decimal 243)
   defining Unicode char U+00F4 (decimal 244)
   defining Unicode char U+00F5 (decimal 245)
   defining Unicode char U+00F6 (decimal 246)
   defining Unicode char U+00F8 (decimal 248)
   defining Unicode char U+00F9 (decimal 249)
   defining Unicode char U+00FA (decimal 250)
   defining Unicode char U+00FB (decimal 251)
   defining Unicode char U+00FC (decimal 252)
   defining Unicode char U+00FD (decimal 253)
   defining Unicode char U+00FE (decimal 254)
   defining Unicode char U+00FF (decimal 255)
   defining Unicode char U+0102 (decimal 258)
   defining Unicode char U+0103 (decimal 259)
   defining Unicode char U+0104 (decimal 260)
   defining Unicode char U+0105 (decimal 261)
   defining Unicode char U+0106 (decimal 262)
   defining Unicode char U+0107 (decimal 263)
   defining Unicode char U+010C (decimal 268)
   defining Unicode char U+010D (decimal 269)
   defining Unicode char U+010E (decimal 270)
   defining Unicode char U+010F (decimal 271)
   defining Unicode char U+0110 (decimal 272)
   defining Unicode char U+0111 (decimal 273)
   defining Unicode char U+0118 (decimal 280)
   defining Unicode char U+0119 (decimal 281)
   defining Unicode char U+011A (decimal 282)
   defining Unicode char U+011B (decimal 283)
   defining Unicode char U+011E (decimal 286)
   defining Unicode char U+011F (decimal 287)
   defining Unicode char U+0130 (decimal 304)
   defining Unicode char U+0131 (decimal 305)
   defining Unicode char U+0132 (decimal 306)
   defining Unicode char U+0133 (decimal 307)
   defining Unicode char U+0139 (decimal 313)
   defining Unicode char U+013A (decimal 314)
   defining Unicode char U+013D (decimal 317)
   defining Unicode char U+013E (decimal 318)
   defining Unicode char U+0141 (decimal 321)
   defining Unicode char U+0142 (decimal 322)
   defining Unicode char U+0143 (decimal 323)
   defining Unicode char U+0144 (decimal 324)
   defining Unicode char U+0147 (decimal 327)
   defining Unicode char U+0148 (decimal 328)
   defining Unicode char U+014A (decimal 330)
   defining Unicode char U+014B (decimal 331)
   defining Unicode char U+0150 (decimal 336)
   defining Unicode char U+0151 (decimal 337)
   defining Unicode char U+0152 (decimal 338)
   defining Unicode char U+0153 (decimal 339)
   defining Unicode char U+0154 (decimal 340)
   defining Unicode char U+0155 (decimal 341)
   defining Unicode char U+0158 (decimal 344)
   defining Unicode char U+0159 (decimal 345)
   defining Unicode char U+015A (decimal 346)
   defining Unicode char U+015B (decimal 347)
   defining Unicode char U+015E (decimal 350)
   defining Unicode char U+015F (decimal 351)
   defining Unicode char U+0160 (decimal 352)
   defining Unicode char U+0161 (decimal 353)
   defining Unicode char U+0162 (decimal 354)
   defining Unicode char U+0163 (decimal 355)
   defining Unicode char U+0164 (decimal 356)
   defining Unicode char U+0165 (decimal 357)
   defining Unicode char U+016E (decimal 366)
   defining Unicode char U+016F (decimal 367)
   defining Unicode char U+0170 (decimal 368)
   defining Unicode char U+0171 (decimal 369)
   defining Unicode char U+0178 (decimal 376)
   defining Unicode char U+0179 (decimal 377)
   defining Unicode char U+017A (decimal 378)
   defining Unicode char U+017B (decimal 379)
   defining Unicode char U+017C (decimal 380)
   defining Unicode char U+017D (decimal 381)
   defining Unicode char U+017E (decimal 382)
   defining Unicode char U+200C (decimal 8204)
   defining Unicode char U+2013 (decimal 8211)
   defining Unicode char U+2014 (decimal 8212)
   defining Unicode char U+2018 (decimal 8216)
   defining Unicode char U+2019 (decimal 8217)
   defining Unicode char U+201A (decimal 8218)
   defining Unicode char U+201C (decimal 8220)
   defining Unicode char U+201D (decimal 8221)
   defining Unicode char U+201E (decimal 8222)
   defining Unicode char U+2030 (decimal 8240)
   defining Unicode char U+2031 (decimal 8241)
   defining Unicode char U+2039 (decimal 8249)
   defining Unicode char U+203A (decimal 8250)
   defining Unicode char U+2423 (decimal 9251)
)
Now handling font encoding OT1 ...
... processing UTF-8 mapping file for font encoding OT1

(/usr/local/texlive/2015/texmf-dist/tex/latex/base/ot1enc.dfu
File: ot1enc.dfu 2014/09/29 v1.1m UTF-8 support for inputenc
   defining Unicode char U+00A1 (decimal 161)
   defining Unicode char U+00A3 (decimal 163)
   defining Unicode char U+00B8 (decimal 184)
   defining Unicode char U+00BF (decimal 191)
   defining Unicode char U+00C5 (decimal 197)
   defining Unicode char U+00C6 (decimal 198)
   defining Unicode char U+00D8 (decimal 216)
   defining Unicode char U+00DF (decimal 223)
   defining Unicode char U+00E6 (decimal 230)
   defining Unicode char U+00EC (decimal 236)
   defining Unicode char U+00ED (decimal 237)
   defining Unicode char U+00EE (decimal 238)
   defining Unicode char U+00EF (decimal 239)
   defining Unicode char U+00F8 (decimal 248)
   defining Unicode char U+0131 (decimal 305)
   defining Unicode char U+0141 (decimal 321)
   defining Unicode char U+0142 (decimal 322)
   defining Unicode char U+0152 (decimal 338)
   defining Unicode char U+0153 (decimal 339)
   defining Unicode char U+2013 (decimal 8211)
   defining Unicode char U+2014 (decimal 8212)
   defining Unicode char U+2018 (decimal 8216)
   defining Unicode char U+2019 (decimal 8217)
   defining Unicode char U+201C (decimal 8220)
   defining Unicode char U+201D (decimal 8221)
)
Now handling font encoding OMS ...
... processing UTF-8 mapping file for font encoding OMS

(/usr/local/texlive/2015/texmf-dist/tex/latex/base/omsenc.dfu
File: omsenc.dfu 2014/09/29 v1.1m UTF-8 support for inputenc
   defining Unicode char U+00A7 (decimal 167)
   defining Unicode char U+00B6 (decimal 182)
   defining Unicode char U+00B7 (decimal 183)
   defining Unicode char U+2020 (decimal 8224)
   defining Unicode char U+2021 (decimal 8225)
   defining Unicode char U+2022 (decimal 8226)
)
Now handling font encoding OMX ...
... no UTF-8 mapping file for font encoding OMX
Now handling font encoding U ...
... no UTF-8 mapping file for font encoding U
   defining Unicode char U+00A9 (decimal 169)
   defining Unicode char U+00AA (decimal 170)
   defining Unicode char U+00AE (decimal 174)
   defining Unicode char U+00BA (decimal 186)
   defining Unicode char U+02C6 (decimal 710)
   defining Unicode char U+02DC (decimal 732)
   defining Unicode char U+200C (decimal 8204)
   defining Unicode char U+2026 (decimal 8230)
   defining Unicode char U+2122 (decimal 8482)
   defining Unicode char U+2423 (decimal 9251)
))
(/usr/local/texlive/2015/texmf-dist/tex/generic/babel/babel.sty
Package: babel 2014/09/25 3.9l The Babel package

(/usr/local/texlive/2015/texmf-dist/tex/generic/babel-english/english.ldf
Language: english 2012/08/20 v3.3p English support from the babel system

(/usr/local/texlive/2015/texmf-dist/tex/generic/babel/babel.def
File: babel.def 2014/09/25 3.9l Babel common definitions
\babel@savecnt=\count80
\U@D=\dimen102
)
\l@canadian = a dialect from \language\l@american 
\l@australian = a dialect from \language\l@british 
\l@newzealand = a dialect from \language\l@british 
))
(/usr/local/texlive/2015/texmf-dist/tex/latex/base/ifthen.sty
Package: ifthen 2014/09/29 v1.1c Standard LaTeX ifthen package (DPC)
)
(/usr/local/texlive/2015/texmf-dist/tex/latex/tools/calc.sty
Package: calc 2014/10/28 v4.3 Infix arithmetic (KKT,FJ)
\calc@Acount=\count81
\calc@Bcount=\count82
\calc@Adimen=\dimen103
\calc@Bdimen=\dimen104
\calc@Askip=\skip41
\calc@Bskip=\skip42
LaTeX Info: Redefining \setlength on input line 80.
LaTeX Info: Redefining \addtolength on input line 81.
\calc@Ccount=\count83
\calc@Cskip=\skip43
)
(/usr/local/texlive/2015/texmf-dist/tex/latex/base/article.cls
Document Class: article 2014/09/29 v1.4h Standard LaTeX document class
(/usr/local/texlive/2015/texmf-dist/tex/latex/base/fleqn.clo
File: fleqn.clo 2015/03/31 v1.1i Standard LaTeX option (flush left equations)
\mathindent=\dimen105
Applying: [2015/01/01] Make \[ robust on input line 50.
LaTeX Info: Redefining \[ on input line 51.
Already applied: [0000/00/00] Make \[ robust on input line 62.
Applying: [2015/01/01] Make \] robust on input line 74.
LaTeX Info: Redefining \] on input line 75.
Already applied: [0000/00/00] Make \] robust on input line 83.
)
(/usr/local/texlive/2015/texmf-dist/tex/latex/base/size10.clo
File: size10.clo 2014/09/29 v1.4h Standard LaTeX file (size option)
)
\c@part=\count84
\c@section=\count85
\c@subsection=\count86
\c@subsubsection=\count87
\c@paragraph=\count88
\c@subparagraph=\count89
\c@figure=\count90
\c@table=\count91
\abovecaptionskip=\skip44
\belowcaptionskip=\skip45
\bibindent=\dimen106
)
(/usr/local/texlive/2015/texmf-dist/tex/latex/psnfss/times.sty
Package: times 2005/04/12 PSNFSS-v9.2a (SPQR) 
)
(/usr/local/texlive/2015/texmf-dist/tex/latex/psnfss/mathptmx.sty
Package: mathptmx 2005/04/12 PSNFSS-v9.2a Times w/ Math, improved (SPQR, WaS) 
LaTeX Font Info:    Redeclaring symbol font `operators' on input line 28.
LaTeX Font Info:    Overwriting symbol font `operators' in version `normal'
(Font)                  OT1/cmr/m/n --> OT1/ztmcm/m/n on input line 28.
LaTeX Font Info:    Overwriting symbol font `operators' in version `bold'
(Font)                  OT1/cmr/bx/n --> OT1/ztmcm/m/n on input line 28.
LaTeX Font Info:    Redeclaring symbol font `letters' on input line 29.
LaTeX Font Info:    Overwriting symbol font `letters' in version `normal'
(Font)                  OML/cmm/m/it --> OML/ztmcm/m/it on input line 29.
LaTeX Font Info:    Overwriting symbol font `letters' in version `bold'
(Font)                  OML/cmm/b/it --> OML/ztmcm/m/it on input line 29.
LaTeX Font Info:    Redeclaring symbol font `symbols' on input line 30.
LaTeX Font Info:    Overwriting symbol font `symbols' in version `normal'
(Font)                  OMS/cmsy/m/n --> OMS/ztmcm/m/n on input line 30.
LaTeX Font Info:    Overwriting symbol font `symbols' in version `bold'
(Font)                  OMS/cmsy/b/n --> OMS/ztmcm/m/n on input line 30.
LaTeX Font Info:    Redeclaring symbol font `largesymbols' on input line 31.
LaTeX Font Info:    Overwriting symbol font `largesymbols' in version `normal'
(Font)                  OMX/cmex/m/n --> OMX/ztmcm/m/n on input line 31.
LaTeX Font Info:    Overwriting symbol font `largesymbols' in version `bold'
(Font)                  OMX/cmex/m/n --> OMX/ztmcm/m/n on input line 31.
\symbold=\mathgroup4
\symitalic=\mathgroup5
LaTeX Font Info:    Redeclaring math alphabet \mathbf on input line 34.
LaTeX Font Info:    Overwriting math alphabet `\mathbf' in version `normal'
(Font)                  OT1/cmr/bx/n --> OT1/ptm/bx/n on input line 34.
LaTeX Font Info:    Overwriting math alphabet `\mathbf' in version `bold'
(Font)                  OT1/cmr/bx/n --> OT1/ptm/bx/n on input line 34.
LaTeX Font Info:    Redeclaring math alphabet \mathit on input line 35.
LaTeX Font Info:    Overwriting math alphabet `\mathit' in version `normal'
(Font)                  OT1/cmr/m/it --> OT1/ptm/m/it on input line 35.
LaTeX Font Info:    Overwriting math alphabet `\mathit' in version `bold'
(Font)                  OT1/cmr/bx/it --> OT1/ptm/m/it on input line 35.
LaTeX Info: Redefining \hbar on input line 50.
)
(/usr/local/texlive/2015/texmf-dist/tex/generic/oberdiek/ifpdf.sty
Package: ifpdf 2011/01/30 v2.3 Provides the ifpdf switch (HO)
Package ifpdf Info: pdfTeX in PDF mode is detected.
)
(/usr/local/texlive/2015/texmf-dist/tex/latex/amsmath/amsmath.sty
Package: amsmath 2013/01/14 v2.14 AMS math features
\@mathmargin=\skip46

For additional information on amsmath, use the `?' option.
(/usr/local/texlive/2015/texmf-dist/tex/latex/amsmath/amstext.sty
Package: amstext 2000/06/29 v2.01

(/usr/local/texlive/2015/texmf-dist/tex/latex/amsmath/amsgen.sty
File: amsgen.sty 1999/11/30 v2.0
\@emptytoks=\toks16
\ex@=\dimen107
))
(/usr/local/texlive/2015/texmf-dist/tex/latex/amsmath/amsbsy.sty
Package: amsbsy 1999/11/29 v1.2d
\pmbraise@=\dimen108
)
(/usr/local/texlive/2015/texmf-dist/tex/latex/amsmath/amsopn.sty
Package: amsopn 1999/12/14 v2.01 operator names
)
\inf@bad=\count92
LaTeX Info: Redefining \frac on input line 210.
\uproot@=\count93
\leftroot@=\count94
LaTeX Info: Redefining \overline on input line 306.
\classnum@=\count95
\DOTSCASE@=\count96
LaTeX Info: Redefining \ldots on input line 378.
LaTeX Info: Redefining \dots on input line 381.
LaTeX Info: Redefining \cdots on input line 466.
\Mathstrutbox@=\box26
\strutbox@=\box27
\big@size=\dimen109
LaTeX Font Info:    Redeclaring font encoding OML on input line 566.
LaTeX Font Info:    Redeclaring font encoding OMS on input line 567.
\macc@depth=\count97
\c@MaxMatrixCols=\count98
\dotsspace@=\muskip10
\c@parentequation=\count99
\dspbrk@lvl=\count100
\tag@help=\toks17
\row@=\count101
\column@=\count102
\maxfields@=\count103
\andhelp@=\toks18
\eqnshift@=\dimen110
\alignsep@=\dimen111
\tagshift@=\dimen112
\tagwidth@=\dimen113
\totwidth@=\dimen114
\lineht@=\dimen115
\@envbody=\toks19
\multlinegap=\skip47
\multlinetaggap=\skip48
\mathdisplay@stack=\toks20
LaTeX Info: Redefining \[ on input line 2665.
LaTeX Info: Redefining \] on input line 2666.
)
(/usr/local/texlive/2015/texmf-dist/tex/latex/amsfonts/amsfonts.sty
Package: amsfonts 2013/01/14 v3.01 Basic AMSFonts support
\symAMSa=\mathgroup6
\symAMSb=\mathgroup7
LaTeX Font Info:    Overwriting math alphabet `\mathfrak' in version `bold'
(Font)                  U/euf/m/n --> U/euf/b/n on input line 106.
)
(/usr/local/texlive/2015/texmf-dist/tex/latex/amsfonts/amssymb.sty
Package: amssymb 2013/01/14 v3.01 AMS font symbols
)
(/usr/local/texlive/2015/texmf-dist/tex/latex/graphics/graphicx.sty
Package: graphicx 2014/10/28 v1.0g Enhanced LaTeX Graphics (DPC,SPQR)

(/usr/local/texlive/2015/texmf-dist/tex/latex/graphics/keyval.sty
Package: keyval 2014/10/28 v1.15 key=value parser (DPC)
\KV@toks@=\toks21
)
(/usr/local/texlive/2015/texmf-dist/tex/latex/graphics/graphics.sty
Package: graphics 2014/10/28 v1.0p Standard LaTeX Graphics (DPC,SPQR)

(/usr/local/texlive/2015/texmf-dist/tex/latex/graphics/trig.sty
Package: trig 1999/03/16 v1.09 sin cos tan (DPC)
)
(/usr/local/texlive/2015/texmf-dist/tex/latex/latexconfig/graphics.cfg
File: graphics.cfg 2010/04/23 v1.9 graphics configuration of TeX Live
)
Package graphics Info: Driver file: pdftex.def on input line 94.

(/usr/local/texlive/2015/texmf-dist/tex/latex/pdftex-def/pdftex.def
File: pdftex.def 2011/05/27 v0.06d Graphics/color for pdfTeX

(/usr/local/texlive/2015/texmf-dist/tex/generic/oberdiek/infwarerr.sty
Package: infwarerr 2010/04/08 v1.3 Providing info/warning/error messages (HO)
)
(/usr/local/texlive/2015/texmf-dist/tex/generic/oberdiek/ltxcmds.sty
Package: ltxcmds 2011/11/09 v1.22 LaTeX kernel commands for general use (HO)
)
\Gread@gobject=\count104
))
\Gin@req@height=\dimen116
\Gin@req@width=\dimen117
)
(/usr/local/texlive/2015/texmf-dist/tex/latex/xcolor/xcolor.sty
Package: xcolor 2007/01/21 v2.11 LaTeX color extensions (UK)

(/usr/local/texlive/2015/texmf-dist/tex/latex/latexconfig/color.cfg
File: color.cfg 2007/01/18 v1.5 color configuration of teTeX/TeXLive
)
Package xcolor Info: Driver file: pdftex.def on input line 225.
Package xcolor Info: Model `cmy' substituted by `cmy0' on input line 1337.
Package xcolor Info: Model `hsb' substituted by `rgb' on input line 1341.
Package xcolor Info: Model `RGB' extended on input line 1353.
Package xcolor Info: Model `HTML' substituted by `rgb' on input line 1355.
Package xcolor Info: Model `Hsb' substituted by `hsb' on input line 1356.
Package xcolor Info: Model `tHsb' substituted by `hsb' on input line 1357.
Package xcolor Info: Model `HSB' substituted by `hsb' on input line 1358.
Package xcolor Info: Model `Gray' substituted by `gray' on input line 1359.
Package xcolor Info: Model `wave' substituted by `hsb' on input line 1360.
)
(/usr/local/texlive/2015/texmf-dist/tex/latex/booktabs/booktabs.sty
Package: booktabs 2005/04/14 v1.61803 publication quality tables
\heavyrulewidth=\dimen118
\lightrulewidth=\dimen119
\cmidrulewidth=\dimen120
\belowrulesep=\dimen121
\belowbottomsep=\dimen122
\aboverulesep=\dimen123
\abovetopsep=\dimen124
\cmidrulesep=\dimen125
\cmidrulekern=\dimen126
\defaultaddspace=\dimen127
\@cmidla=\count105
\@cmidlb=\count106
\@aboverulesep=\dimen128
\@belowrulesep=\dimen129
\@thisruleclass=\count107
\@lastruleclass=\count108
\@thisrulewidth=\dimen130
)
(/usr/local/texlive/2015/texmf-dist/tex/latex/preprint/authblk.sty
Package: authblk 2001/02/27 1.3 (PWD)
\affilsep=\skip49
\@affilsep=\skip50
\c@Maxaffil=\count109
\c@authors=\count110
\c@affil=\count111
)
(/usr/local/texlive/2015/texmf-dist/tex/latex/geometry/geometry.sty
Package: geometry 2010/09/12 v5.6 Page Geometry

(/usr/local/texlive/2015/texmf-dist/tex/generic/oberdiek/ifvtex.sty
Package: ifvtex 2010/03/01 v1.5 Detect VTeX and its facilities (HO)
Package ifvtex Info: VTeX not detected.
)
(/usr/local/texlive/2015/texmf-dist/tex/generic/ifxetex/ifxetex.sty
Package: ifxetex 2010/09/12 v0.6 Provides ifxetex conditional
)
\Gm@cnth=\count112
\Gm@cntv=\count113
\c@Gm@tempcnt=\count114
\Gm@bindingoffset=\dimen131
\Gm@wd@mp=\dimen132
\Gm@odd@mp=\dimen133
\Gm@even@mp=\dimen134
\Gm@layoutwidth=\dimen135
\Gm@layoutheight=\dimen136
\Gm@layouthoffset=\dimen137
\Gm@layoutvoffset=\dimen138
\Gm@dimlist=\toks22
)
(/usr/local/texlive/2015/texmf-dist/tex/latex/caption/caption.sty
Package: caption 2013/05/02 v3.3-89 Customizing captions (AR)

(/usr/local/texlive/2015/texmf-dist/tex/latex/caption/caption3.sty
Package: caption3 2013/05/02 v1.6-88 caption3 kernel (AR)
Package caption3 Info: TeX engine: e-TeX on input line 57.
\captionmargin=\dimen139
\captionmargin@=\dimen140
\captionwidth=\dimen141
\caption@tempdima=\dimen142
\caption@indent=\dimen143
\caption@parindent=\dimen144
\caption@hangindent=\dimen145
)
\c@ContinuedFloat=\count115
)
(/usr/local/texlive/2015/texmf-dist/tex/latex/hyperref/hyperref.sty
Package: hyperref 2012/11/06 v6.83m Hypertext links for LaTeX

(/usr/local/texlive/2015/texmf-dist/tex/generic/oberdiek/hobsub-hyperref.sty
Package: hobsub-hyperref 2012/05/28 v1.13 Bundle oberdiek, subset hyperref (HO)


(/usr/local/texlive/2015/texmf-dist/tex/generic/oberdiek/hobsub-generic.sty
Package: hobsub-generic 2012/05/28 v1.13 Bundle oberdiek, subset generic (HO)
Package: hobsub 2012/05/28 v1.13 Construct package bundles (HO)
Package hobsub Info: Skipping package `infwarerr' (already loaded).
Package hobsub Info: Skipping package `ltxcmds' (already loaded).
Package: ifluatex 2010/03/01 v1.3 Provides the ifluatex switch (HO)
Package ifluatex Info: LuaTeX not detected.
Package hobsub Info: Skipping package `ifvtex' (already loaded).
Package: intcalc 2007/09/27 v1.1 Expandable calculations with integers (HO)
Package hobsub Info: Skipping package `ifpdf' (already loaded).
Package: etexcmds 2011/02/16 v1.5 Avoid name clashes with e-TeX commands (HO)
Package etexcmds Info: Could not find \expanded.
(etexcmds)             That can mean that you are not using pdfTeX 1.50 or
(etexcmds)             that some package has redefined \expanded.
(etexcmds)             In the latter case, load this package earlier.
Package: kvsetkeys 2012/04/25 v1.16 Key value parser (HO)
Package: kvdefinekeys 2011/04/07 v1.3 Define keys (HO)
Package: pdftexcmds 2011/11/29 v0.20 Utility functions of pdfTeX for LuaTeX (HO
)
Package pdftexcmds Info: LuaTeX not detected.
Package pdftexcmds Info: \pdf@primitive is available.
Package pdftexcmds Info: \pdf@ifprimitive is available.
Package pdftexcmds Info: \pdfdraftmode found.
Package: pdfescape 2011/11/25 v1.13 Implements pdfTeX's escape features (HO)
Package: bigintcalc 2012/04/08 v1.3 Expandable calculations on big integers (HO
)
Package: bitset 2011/01/30 v1.1 Handle bit-vector datatype (HO)
Package: uniquecounter 2011/01/30 v1.2 Provide unlimited unique counter (HO)
)
Package hobsub Info: Skipping package `hobsub' (already loaded).
Package: letltxmacro 2010/09/02 v1.4 Let assignment for LaTeX macros (HO)
Package: hopatch 2012/05/28 v1.2 Wrapper for package hooks (HO)
Package: xcolor-patch 2011/01/30 xcolor patch
Package: atveryend 2011/06/30 v1.8 Hooks at the very end of document (HO)
Package: atbegshi 2011/10/05 v1.16 At begin shipout hook (HO)
Package: refcount 2011/10/16 v3.4 Data extraction from label references (HO)
Package: hycolor 2011/01/30 v1.7 Color options for hyperref/bookmark (HO)
)
(/usr/local/texlive/2015/texmf-dist/tex/latex/oberdiek/auxhook.sty
Package: auxhook 2011/03/04 v1.3 Hooks for auxiliary files (HO)
)
(/usr/local/texlive/2015/texmf-dist/tex/latex/oberdiek/kvoptions.sty
Package: kvoptions 2011/06/30 v3.11 Key value format for package options (HO)
)
\@linkdim=\dimen146
\Hy@linkcounter=\count116
\Hy@pagecounter=\count117

(/usr/local/texlive/2015/texmf-dist/tex/latex/hyperref/pd1enc.def
File: pd1enc.def 2012/11/06 v6.83m Hyperref: PDFDocEncoding definition (HO)
Now handling font encoding PD1 ...
... no UTF-8 mapping file for font encoding PD1
)
\Hy@SavedSpaceFactor=\count118

(/usr/local/texlive/2015/texmf-dist/tex/latex/latexconfig/hyperref.cfg
File: hyperref.cfg 2002/06/06 v1.2 hyperref configuration of TeXLive
)
Package hyperref Info: Option `colorlinks' set `true' on input line 4319.
Package hyperref Info: Hyper figures OFF on input line 4443.
Package hyperref Info: Link nesting OFF on input line 4448.
Package hyperref Info: Hyper index ON on input line 4451.
Package hyperref Info: Plain pages OFF on input line 4458.
Package hyperref Info: Backreferencing OFF on input line 4463.
Package hyperref Info: Implicit mode ON; LaTeX internals redefined.
Package hyperref Info: Bookmarks ON on input line 4688.
\c@Hy@tempcnt=\count119

(/usr/local/texlive/2015/texmf-dist/tex/latex/url/url.sty
\Urlmuskip=\muskip11
Package: url 2013/09/16  ver 3.4  Verb mode for urls, etc.
)
LaTeX Info: Redefining \url on input line 5041.
\XeTeXLinkMargin=\dimen147
\Fld@menulength=\count120
\Field@Width=\dimen148
\Fld@charsize=\dimen149
Package hyperref Info: Hyper figures OFF on input line 6295.
Package hyperref Info: Link nesting OFF on input line 6300.
Package hyperref Info: Hyper index ON on input line 6303.
Package hyperref Info: backreferencing OFF on input line 6310.
Package hyperref Info: Link coloring ON on input line 6313.
Package hyperref Info: Link coloring with OCG OFF on input line 6320.
Package hyperref Info: PDF/A mode OFF on input line 6325.
LaTeX Info: Redefining \ref on input line 6365.
LaTeX Info: Redefining \pageref on input line 6369.
\Hy@abspage=\count121
\c@Item=\count122
\c@Hfootnote=\count123
)

Package hyperref Message: Driver (autodetected): hpdftex.

(/usr/local/texlive/2015/texmf-dist/tex/latex/hyperref/hpdftex.def
File: hpdftex.def 2012/11/06 v6.83m Hyperref driver for pdfTeX
\Fld@listcount=\count124
\c@bookmark@seq@number=\count125

(/usr/local/texlive/2015/texmf-dist/tex/latex/oberdiek/rerunfilecheck.sty
Package: rerunfilecheck 2011/04/15 v1.7 Rerun checks for auxiliary files (HO)
Package uniquecounter Info: New unique counter `rerunfilecheck' on input line 2
82.
)
\Hy@SectionHShift=\skip51
)
(/usr/local/texlive/2015/texmf-dist/tex/latex/cite/cite.sty
LaTeX Info: Redefining \cite on input line 302.
LaTeX Info: Redefining \nocite on input line 332.
Package: cite 2015/02/27  v 5.5
LaTeX Info: Redefining \cite on input line 441.
)
(/usr/local/texlive/2015/texmf-dist/tex/latex/fancyhdr/fancyhdr.sty
\fancy@headwidth=\skip52
\f@ncyO@elh=\skip53
\f@ncyO@erh=\skip54
\f@ncyO@olh=\skip55
\f@ncyO@orh=\skip56
\f@ncyO@elf=\skip57
\f@ncyO@erf=\skip58
\f@ncyO@olf=\skip59
\f@ncyO@orf=\skip60
)
(/usr/local/texlive/2015/texmf-dist/tex/latex/lastpage/lastpage.sty
Package: lastpage 2015/03/29 v1.2m Refers to last page's name (HMM; JPG)
)
(/usr/local/texlive/2015/texmf-dist/tex/latex/titlesec/titlesec.sty
Package: titlesec 2011/12/15 v2.10.0 Sectioning titles
\ttl@box=\box28
\beforetitleunit=\skip61
\aftertitleunit=\skip62
\ttl@plus=\dimen150
\ttl@minus=\dimen151
\ttl@toksa=\toks23
\titlewidth=\dimen152
\titlewidthlast=\dimen153
\titlewidthfirst=\dimen154
)
(/usr/local/texlive/2015/texmf-dist/tex/latex/titlesec/ttlkeys.def
File: ttlkeys.def 2011/12/15
)
(/usr/local/texlive/2015/texmf-dist/tex/latex/titlesec/titletoc.sty
Package: titletoc 2011/12/15 v1.6 TOC entries
\ttl@leftsep=\dimen155
)
(/usr/local/texlive/2015/texmf-dist/tex/latex/enumitem/enumitem.sty
Package: enumitem 2011/09/28 v3.5.2 Customized lists
\labelindent=\skip63
\enit@outerparindent=\dimen156
\enit@toks=\toks24
\enit@inbox=\box29
\enitdp@description=\count126
)
\tocsep=\skip64

(/usr/local/texlive/2015/texmf-dist/tex/latex/lipsum/lipsum.sty
Package: lipsum 2014/07/27 v1.3 150 paragraphs of Lorem Ipsum dummy text
\c@lips@count=\count127
)) (./jabbrv.sty
Package: jabbrv 2010/08/18 v0.2 Automatic Journal Title Abbreviation Package
\temp@journal@text=\toks25
\temp@journal@text@=\toks26
\c@jabbrv@strlen@count=\count128
\c@jabbrv@gobble@temp=\count129
\c@jabbrv@loop@i=\count130
\c@jabbrv@loop@max=\count131
\c@jabbrv@word@count=\count132
(./jabbrv-ltwa-all.ldf) (./jabbrv-ltwa-en.ldf))
(/usr/local/texlive/2015/texmf-dist/tex/latex/microtype/microtype.sty
Package: microtype 2013/05/23 v2.5a Micro-typographical refinements (RS)
\MT@toks=\toks27
\MT@count=\count133
LaTeX Info: Redefining \textls on input line 766.
\MT@outer@kern=\dimen157
LaTeX Info: Redefining \textmicrotypecontext on input line 1285.
\MT@listname@count=\count134

(/usr/local/texlive/2015/texmf-dist/tex/latex/microtype/microtype-pdftex.def
File: microtype-pdftex.def 2013/05/23 v2.5a Definitions specific to pdftex (RS)

LaTeX Info: Redefining \lsstyle on input line 915.
LaTeX Info: Redefining \lslig on input line 915.
\MT@outer@space=\skip65
)
Package microtype Info: Loading configuration file microtype.cfg.

(/usr/local/texlive/2015/texmf-dist/tex/latex/microtype/microtype.cfg
File: microtype.cfg 2013/05/23 v2.5a microtype main configuration file (RS)
))
(/usr/local/texlive/2015/texmf-dist/tex/latex/tools/array.sty
Package: array 2014/10/28 v2.4c Tabular extension package (FMi)
\col@sep=\dimen158
\extrarowheight=\dimen159
\NC@list=\toks28
\extratabsurround=\skip66
\backup@length=\skip67
)
(/usr/local/texlive/2015/texmf-dist/tex/latex/tools/longtable.sty
Package: longtable 2014/10/28 v4.11 Multi-page Table package (DPC)
\LTleft=\skip68
\LTright=\skip69
\LTpre=\skip70
\LTpost=\skip71
\LTchunksize=\count135
\LTcapwidth=\dimen160
\LT@head=\box30
\LT@firsthead=\box31
\LT@foot=\box32
\LT@lastfoot=\box33
\LT@cols=\count136
\LT@rows=\count137
\c@LT@tables=\count138
\c@LT@chunks=\count139
\LT@p@ftn=\toks29
)
(/usr/local/texlive/2015/texmf-dist/tex/latex/multirow/multirow.sty
\bigstrutjot=\dimen161
)
(/usr/local/texlive/2015/texmf-dist/tex/latex/natbib/natbib.sty
Package: natbib 2010/09/13 8.31b (PWD, AO)


Package natbib Warning: The `cite' package should not be used
(natbib)                with natbib. Use option `sort' instead.

\bibhang=\skip72
\bibsep=\skip73
LaTeX Info: Redefining \cite on input line 694.
LaTeX Info: Redefining \citenum on input line 708.
\c@NAT@ctr=\count140
) (./fim4rv2-authors.tex) (./fim4rv2.aux)
\openout1 = `fim4rv2.aux'.

LaTeX Font Info:    Checking defaults for OML/cmm/m/it on input line 32.
LaTeX Font Info:    ... okay on input line 32.
LaTeX Font Info:    Checking defaults for T1/cmr/m/n on input line 32.
LaTeX Font Info:    ... okay on input line 32.
LaTeX Font Info:    Checking defaults for OT1/cmr/m/n on input line 32.
LaTeX Font Info:    ... okay on input line 32.
LaTeX Font Info:    Checking defaults for OMS/cmsy/m/n on input line 32.
LaTeX Font Info:    ... okay on input line 32.
LaTeX Font Info:    Checking defaults for OMX/cmex/m/n on input line 32.
LaTeX Font Info:    ... okay on input line 32.
LaTeX Font Info:    Checking defaults for U/cmr/m/n on input line 32.
LaTeX Font Info:    ... okay on input line 32.
LaTeX Font Info:    Checking defaults for PD1/pdf/m/n on input line 32.
LaTeX Font Info:    ... okay on input line 32.
LaTeX Font Info:    Try loading font information for OT1+ptm on input line 32.

(/usr/local/texlive/2015/texmf-dist/tex/latex/psnfss/ot1ptm.fd
File: ot1ptm.fd 2001/06/04 font definitions for OT1/ptm.
)
(/usr/local/texlive/2015/texmf-dist/tex/context/base/supp-pdf.mkii
[Loading MPS to PDF converter (version 2006.09.02).]
\scratchcounter=\count141
\scratchdimen=\dimen162
\scratchbox=\box34
\nofMPsegments=\count142
\nofMParguments=\count143
\everyMPshowfont=\toks30
\MPscratchCnt=\count144
\MPscratchDim=\dimen163
\MPnumerator=\count145
\makeMPintoPDFobject=\count146
\everyMPtoPDFconversion=\toks31
) (/usr/local/texlive/2015/texmf-dist/tex/latex/oberdiek/epstopdf-base.sty
Package: epstopdf-base 2010/02/09 v2.5 Base part for package epstopdf

(/usr/local/texlive/2015/texmf-dist/tex/latex/oberdiek/grfext.sty
Package: grfext 2010/08/19 v1.1 Manage graphics extensions (HO)
)
Package grfext Info: Graphics extension search list:
(grfext)             [.png,.pdf,.jpg,.mps,.jpeg,.jbig2,.jb2,.PNG,.PDF,.JPG,.JPE
G,.JBIG2,.JB2,.eps]
(grfext)             \AppendGraphicsExtensions on input line 452.

(/usr/local/texlive/2015/texmf-dist/tex/latex/latexconfig/epstopdf-sys.cfg
File: epstopdf-sys.cfg 2010/07/13 v1.3 Configuration of (r)epstopdf for TeX Liv
e
))
*geometry* driver: auto-detecting
*geometry* detected driver: pdftex
*geometry* verbose mode - [ preamble ] result:
* driver: pdftex
* paper: a4paper
* layout: <same size as paper>
* layoutoffset:(h,v)=(0.0pt,0.0pt)
* modes: 
* h-part:(L,W,R)=(56.9055pt, 483.69687pt, 56.9055pt)
* v-part:(T,H,B)=(64.01869pt, 717.00946pt, 64.01869pt)
* \paperwidth=597.50787pt
* \paperheight=845.04684pt
* \textwidth=483.69687pt
* \textheight=717.00946pt
* \oddsidemargin=-15.36449pt
* \evensidemargin=-15.36449pt
* \topmargin=-45.2513pt
* \headheight=12.0pt
* \headsep=25.0pt
* \topskip=10.0pt
* \footskip=30.0pt
* \marginparwidth=65.0pt
* \marginparsep=11.0pt
* \columnsep=15.6491pt
* \skip\footins=9.0pt plus 4.0pt minus 2.0pt
* \hoffset=0.0pt
* \voffset=0.0pt
* \mag=1000
* \@twocolumnfalse
* \@twosidefalse
* \@mparswitchfalse
* \@reversemarginfalse
* (1in=72.27pt=25.4mm, 1cm=28.453pt)

Package caption Info: Begin \AtBeginDocument code.
Package caption Info: hyperref package is loaded.
Package caption Info: longtable package is loaded.
(/usr/local/texlive/2015/texmf-dist/tex/latex/caption/ltcaption.sty
Package: ltcaption 2013/02/03 v1.3-62 longtable captions (AR)
)
Package caption Info: End \AtBeginDocument code.
\AtBeginShipoutBox=\box35
Package hyperref Info: Link coloring ON on input line 32.

(/usr/local/texlive/2015/texmf-dist/tex/latex/hyperref/nameref.sty
Package: nameref 2012/10/27 v2.43 Cross-referencing by name of section

(/usr/local/texlive/2015/texmf-dist/tex/generic/oberdiek/gettitlestring.sty
Package: gettitlestring 2010/12/03 v1.4 Cleanup title references (HO)
)
\c@section@level=\count147
)
LaTeX Info: Redefining \ref on input line 32.
LaTeX Info: Redefining \pageref on input line 32.
LaTeX Info: Redefining \nameref on input line 32.

(./fim4rv2.out) (./fim4rv2.out)
\@outlinefile=\write3
\openout3 = `fim4rv2.out'.

Package lastpage Info: Please have a look at the pageslts package at
(lastpage)             https://www.ctan.org/pkg/pageslts
(lastpage)             ! on input line 32.
LaTeX Info: Redefining \microtypecontext on input line 32.
Package microtype Info: Generating PDF output.
Package microtype Info: Character protrusion enabled (level 2).
Package microtype Info: Using default protrusion set `alltext'.
Package microtype Info: Automatic font expansion enabled (level 2),
(microtype)             stretch: 20, shrink: 20, step: 1, non-selected.
Package microtype Info: Using default expansion set `basictext'.
Package microtype Info: No adjustment of tracking.
Package microtype Info: No adjustment of interword spacing.
Package microtype Info: No adjustment of character kerning.

(/usr/local/texlive/2015/texmf-dist/tex/latex/microtype/mt-ptm.cfg
File: mt-ptm.cfg 2006/04/20 v1.7 microtype config. file: Times (RS)
)
LaTeX Font Info:    Try loading font information for OT1+phv on input line 38.

(/usr/local/texlive/2015/texmf-dist/tex/latex/psnfss/ot1phv.fd
File: ot1phv.fd 2001/06/04 scalable font definitions for OT1/phv.
)
Package microtype Info: Loading generic settings for font family
(microtype)             `phv' (encoding: OT1).
(microtype)             For optimal results, create family-specific settings.
(microtype)             See the microtype manual for details.
LaTeX Font Info:    Font shape `OT1/phv/bx/n' in size <10> not available
(Font)              Font shape `OT1/phv/b/n' tried instead on input line 38.
LaTeX Font Info:    Font shape `OT1/phv/bx/n' in size <20> not available
(Font)              Font shape `OT1/phv/b/n' tried instead on input line 38.
LaTeX Font Info:    Try loading font information for OT1+ztmcm on input line 38
.

(/usr/local/texlive/2015/texmf-dist/tex/latex/psnfss/ot1ztmcm.fd
File: ot1ztmcm.fd 2000/01/03 Fontinst v1.801 font definitions for OT1/ztmcm.
)
Package microtype Info: Loading generic settings for font family
(microtype)             `ztmcm' (encoding: OT1).
(microtype)             For optimal results, create family-specific settings.
(microtype)             See the microtype manual for details.
LaTeX Font Info:    Try loading font information for OML+ztmcm on input line 38
.

(/usr/local/texlive/2015/texmf-dist/tex/latex/psnfss/omlztmcm.fd
File: omlztmcm.fd 2000/01/03 Fontinst v1.801 font definitions for OML/ztmcm.
)
LaTeX Font Info:    Try loading font information for OMS+ztmcm on input line 38
.

(/usr/local/texlive/2015/texmf-dist/tex/latex/psnfss/omsztmcm.fd
File: omsztmcm.fd 2000/01/03 Fontinst v1.801 font definitions for OMS/ztmcm.
)
LaTeX Font Info:    Try loading font information for OMX+ztmcm on input line 38
.

(/usr/local/texlive/2015/texmf-dist/tex/latex/psnfss/omxztmcm.fd
File: omxztmcm.fd 2000/01/03 Fontinst v1.801 font definitions for OMX/ztmcm.
)
LaTeX Font Info:    Font shape `OT1/ptm/bx/n' in size <12> not available
(Font)              Font shape `OT1/ptm/b/n' tried instead on input line 38.
LaTeX Font Info:    Font shape `OT1/ptm/bx/n' in size <9> not available
(Font)              Font shape `OT1/ptm/b/n' tried instead on input line 38.
LaTeX Font Info:    Font shape `OT1/ptm/bx/n' in size <7> not available
(Font)              Font shape `OT1/ptm/b/n' tried instead on input line 38.

(/usr/local/texlive/2015/texmf-dist/tex/latex/microtype/mt-msa.cfg
File: mt-msa.cfg 2006/02/04 v1.1 microtype config. file: AMS symbols (a) (RS)
)
(/usr/local/texlive/2015/texmf-dist/tex/latex/microtype/mt-msb.cfg
File: mt-msb.cfg 2005/06/01 v1.0 microtype config. file: AMS symbols (b) (RS)
)
LaTeX Font Info:    Font shape `OT1/ptm/bx/n' in size <5> not available
(Font)              Font shape `OT1/ptm/b/n' tried instead on input line 38.
LaTeX Font Info:    Font shape `OT1/phv/bx/n' in size <12> not available
(Font)              Font shape `OT1/phv/b/n' tried instead on input line 38.
LaTeX Font Info:    Font shape `OT1/ptm/bx/n' in size <10> not available
(Font)              Font shape `OT1/ptm/b/n' tried instead on input line 38.
LaTeX Font Info:    Font shape `OT1/ptm/bx/n' in size <7.4> not available
(Font)              Font shape `OT1/ptm/b/n' tried instead on input line 38.
LaTeX Font Info:    Font shape `OT1/ptm/bx/n' in size <6> not available
(Font)              Font shape `OT1/ptm/b/n' tried instead on input line 38.
LaTeX Font Info:    Font shape `OT1/phv/bx/n' in size <9> not available
(Font)              Font shape `OT1/phv/b/n' tried instead on input line 38.
LaTeX Font Info:    Try loading font information for OMS+ptm on input line 41.

(/usr/local/texlive/2015/texmf-dist/tex/latex/psnfss/omsptm.fd
File: omsptm.fd 
)
LaTeX Font Info:    Font shape `OMS/ptm/m/n' in size <7.4> not available
(Font)              Font shape `OMS/cmsy/m/n' tried instead on input line 41.
LaTeX Font Info:    Calculating math sizes for size <7.4> on input line 41.
LaTeX Font Info:    Font shape `OT1/ptm/bx/n' in size <5.47603> not available
(Font)              Font shape `OT1/ptm/b/n' tried instead on input line 41.
LaTeX Font Info:    Font shape `OT1/ptm/bx/n' in size <4.44003> not available
(Font)              Font shape `OT1/ptm/b/n' tried instead on input line 41.

Underfull \hbox (badness 10000) in paragraph at lines 41--46

 []


Underfull \hbox (badness 10000) in paragraph at lines 41--46

 []


Underfull \hbox (badness 10000) in paragraph at lines 41--46

 []


Underfull \hbox (badness 10000) in paragraph at lines 41--46

 []


Underfull \hbox (badness 10000) in paragraph at lines 41--46

 []


Underfull \hbox (badness 10000) in paragraph at lines 41--46

 []

LaTeX Font Info:    Font shape `OMS/ptm/m/n' in size <10> not available
(Font)              Font shape `OMS/cmsy/m/n' tried instead on input line 49.
[1

{/usr/local/texlive/2015/texmf-var/fonts/map/pdftex/updmap/pdftex.map}]
(./fim4rv2.toc
LaTeX Font Info:    Try loading font information for OMS+phv on input line 19.
 (/usr/local/texlive/2015/texmf-dist/tex/latex/psnfss/omsphv.fd
File: omsphv.fd 
)
LaTeX Font Info:    Font shape `OMS/phv/m/n' in size <8> not available
(Font)              Font shape `OMS/cmsy/m/n' tried instead on input line 19.

Overfull \hbox (0.33275pt too wide) detected at line 59
\OT1/phv/m/n/9 B.10 
 []


Overfull \hbox (0.33275pt too wide) detected at line 62
\OT1/phv/m/n/9 B.11 
 []


Overfull \hbox (0.33275pt too wide) detected at line 63
\OT1/phv/m/n/9 B.12 
 []


Overfull \hbox (0.33275pt too wide) detected at line 66
\OT1/phv/m/n/9 B.13 
 []


Overfull \hbox (0.33275pt too wide) detected at line 69
\OT1/phv/m/n/9 B.14 
 []

)
\tf@toc=\write4
\openout4 = `fim4rv2.toc'.

 [2] [3]
LaTeX Font Info:    Font shape `OT1/ptm/bx/n' in size <8> not available
(Font)              Font shape `OT1/ptm/b/n' tried instead on input line 55.
 [4] [5] [6]
Underfull \hbox (badness 10000) in paragraph at lines 149--149
[]|\OT1/ptm/m/n/10 (+20) Research
 []


Underfull \hbox (badness 10000) in paragraph at lines 149--149
[]|\OT1/ptm/m/n/10 (+20) Number
 []


Underfull \hbox (badness 3049) in paragraph at lines 149--149
\OT1/ptm/m/n/10 (+20) of Users /
 []


Underfull \hbox (badness 3039) in paragraph at lines 149--149
\OT1/ptm/m/n/10 (+20) Lo-gins per
 []


Underfull \hbox (badness 1824) in paragraph at lines 149--149
[]|\OT1/ptm/m/n/10 (+20) Number of
 []


Underfull \hbox (badness 1824) in paragraph at lines 149--149
[]|\OT1/ptm/m/n/10 (+20) Number of
 []


Underfull \hbox (badness 1824) in paragraph at lines 149--150
[]|\OT1/ptm/m/n/10 (+20) Number of
 []


Underfull \hbox (badness 10000) in paragraph at lines 167--167
[]|\OT1/ptm/m/n/10 (+20) gw-
 []


Underfull \vbox (badness 10000) detected at line 191
 []

[7]
Underfull \hbox (badness 10000) in paragraph at lines 197--197
\OT1/ptm/m/n/10 (+20) Man-age-ment
 []


Underfull \hbox (badness 10000) in paragraph at lines 197--197
[]|\OT1/ptm/m/n/10 (+20) Use of IdP/SP
 []


Underfull \hbox (badness 10000) in paragraph at lines 200--200
[]|\OT1/ptm/m/n/10 (+20) OAuth2, LDAP
 []


Underfull \hbox (badness 10000) in paragraph at lines 200--200
\OT1/ptm/m/n/10 (+20) Groups, RBAC
 []


Underfull \hbox (badness 10000) in paragraph at lines 202--202
[]|\OT1/ptm/m/n/10 (+20) Passwords and
 []


Underfull \hbox (badness 10000) in paragraph at lines 202--202
\OT1/ptm/m/n/10 (+20) MFA, SAML,
 []


Underfull \hbox (badness 7362) in paragraph at lines 202--202
\OT1/ptm/m/n/10 (+20) OIDC, X.509 /
 []


Underfull \hbox (badness 10000) in paragraph at lines 202--202
\OT1/ptm/m/n/10 (+20) per-mis-sions to
 []


Underfull \hbox (badness 3547) in paragraph at lines 204--204
[]|\OT1/ptm/m/n/10 (+20) X.509 / SAML,
 []


Underfull \hbox (badness 10000) in paragraph at lines 204--205
\OT1/ptm/m/n/10 (+20) CA. So-cial ID
 []


Underfull \hbox (badness 4013) in paragraph at lines 206--206
[]|\OT1/ptm/m/n/10 (+20) SAML / Moon-
 []


Underfull \hbox (badness 6708) in paragraph at lines 206--206
[]|\OT1/ptm/m/n/10 (+20) LDAP, AD (fa-
 []


Underfull \hbox (badness 3428) in paragraph at lines 206--206
\OT1/ptm/m/n/10 (+20) cil-ity spe-cific) /
 []


Underfull \hbox (badness 10000) in paragraph at lines 208--208
[]|\OT1/ptm/m/n/10 (+20) X.509, SAML,
 []


Underfull \hbox (badness 10000) in paragraph at lines 208--208
\OT1/ptm/m/n/10 (+20) OpenID 2.0 /
 []


Underfull \hbox (badness 10000) in paragraph at lines 208--208
[]|\OT1/ptm/m/n/10 (+20) RBAC, with
 []


Underfull \hbox (badness 1342) in paragraph at lines 208--208
\OT1/ptm/m/n/10 (+20) for at-tribute and
 []


Underfull \hbox (badness 10000) in paragraph at lines 208--208
\OT1/ptm/m/n/10 (+20) au-thz de-ci-sion
 []


Underfull \hbox (badness 1137) in paragraph at lines 210--210
[]|\OT1/ptm/m/n/10 (+20) SAML / SAML,
 []


Underfull \hbox (badness 10000) in paragraph at lines 210--210
[]|\OT1/ptm/m/n/10 (+20) Groups, T&Cs
 []


Underfull \hbox (badness 1137) in paragraph at lines 212--212
[]|\OT1/ptm/m/n/10 (+20) SAML / SAML,
 []


Underfull \hbox (badness 1137) in paragraph at lines 214--214
[]|\OT1/ptm/m/n/10 (+20) SAML / SAML,
 []


Underfull \hbox (badness 1137) in paragraph at lines 216--216
[]|\OT1/ptm/m/n/10 (+20) SAML / SAML,
 []


Underfull \hbox (badness 1137) in paragraph at lines 218--218
[]|\OT1/ptm/m/n/10 (+20) SAML / SAML,
 []


Underfull \hbox (badness 10000) in paragraph at lines 222--222
[]|\OT1/ptm/m/n/10 (+20) LDAP,
 []


Underfull \hbox (badness 4531) in paragraph at lines 226--226
[]|\OT1/ptm/m/n/10 (+20) SAML, OAuth2,
 []


Underfull \hbox (badness 10000) in paragraph at lines 226--226
\OT1/ptm/m/n/10 (+20) So-cial ac-counts,
 []


Underfull \hbox (badness 10000) in paragraph at lines 226--226
\OT1/ptm/m/n/10 (+20) X.509, OR-CID,
 []


Underfull \hbox (badness 4792) in paragraph at lines 226--226
\OT1/ptm/m/n/10 (+20) ba-sic auth (self
 []


Underfull \hbox (badness 10000) in paragraph at lines 226--226
[]|\OT1/ptm/m/n/10 (+20) Grouper, GMS,
 []


Underfull \hbox (badness 10000) in paragraph at lines 226--226
\OT1/ptm/m/n/10 (+20) Re-la-tionale Db,
 []


Underfull \hbox (badness 10000) in paragraph at lines 226--226
\OT1/ptm/m/n/10 (+20) LDAP, Proxy
 []


Underfull \hbox (badness 6396) in paragraph at lines 226--226
\OT1/ptm/m/n/10 (+20) cer-tifi-cates (Cre-
 []


Underfull \hbox (badness 8132) in paragraph at lines 226--227
[]|\OT1/ptm/m/n/10 (+20) Yes (So-cial ac-
 []


Underfull \hbox (badness 1127) in paragraph at lines 228--228
[]|\OT1/ptm/m/n/10 (+20) Virtual Atomic and
 []


Underfull \hbox (badness 1259) in paragraph at lines 228--228
\OT1/ptm/m/n/10 (+20) / OAuth2 (us-ing
 []


Underfull \hbox (badness 10000) in paragraph at lines 230--230
[]|\OT1/ptm/m/n/10 (+20) EISCAT / EIS-
 []


Underfull \hbox (badness 5417) in paragraph at lines 230--230
[]|\OT1/ptm/m/n/10 (+20) Planned. EGI
 []


Underfull \hbox (badness 10000) in paragraph at lines 230--230
\OT1/ptm/m/n/10 (+20) Checkin,
 []


Underfull \hbox (badness 10000) in paragraph at lines 230--230
\OT1/ptm/m/n/10 (+20) B2ACCESS,
 []


Underfull \hbox (badness 10000) in paragraph at lines 230--231
[]|\OT1/ptm/m/n/10 (+20) Yes, cus-tom
 []


Underfull \hbox (badness 10000) in paragraph at lines 230--231
\OT1/ptm/m/n/10 (+20) providers for
 []


Underfull \hbox (badness 10000) in paragraph at lines 230--231
\OT1/ptm/m/n/10 (+20) users out-side
 []


Underfull \hbox (badness 10000) in paragraph at lines 230--231
\OT1/ptm/m/n/10 (+20) Eu-rope (China,
 []


Underfull \hbox (badness 10000) in paragraph at lines 232--232
[]|\OT1/ptm/m/n/10 (+20) SAML2, Oauth
 []


Underfull \hbox (badness 10000) in paragraph at lines 232--232
\OT1/ptm/m/n/10 (+20) (us-ing Cir-rus
 []

[8] [9]
Underfull \hbox (badness 10000) in paragraph at lines 284--285
[]|\OT1/ptm/m/n/10 (+20) Federations and
 []


Underfull \hbox (badness 10000) in paragraph at lines 292--293
[]|\OT1/ptm/m/n/10 (+20) Research Ser-vice
 []

[10]
Overfull \hbox (2.60329pt too wide) in paragraph at lines 318--318
[]|\OT1/ptm/m/n/10 (-20) F| 
 []


Overfull \hbox (2.60329pt too wide) in paragraph at lines 318--318
[]|\OT1/ptm/m/n/10 (-20) P| 
 []


Overfull \hbox (3.69109pt too wide) in paragraph at lines 318--318
[]|\OT1/ptm/m/n/10 (-20) R| 
 []


Overfull \hbox (4.23013pt too wide) in paragraph at lines 318--318
[]|\OT1/ptm/m/n/10 (-20) D| 
 []


Overfull \hbox (2.60329pt too wide) in paragraph at lines 318--318
[]|\OT1/ptm/m/n/10 (-20) S| 
 []


Overfull \hbox (4.23013pt too wide) in paragraph at lines 318--319
[]|\OT1/ptm/m/n/10 (-20) N| 
 []


Underfull \hbox (badness 1112) in paragraph at lines 324--325
[]|\OT1/ptm/m/n/10 (+20) Identity life-cy-cle
 []


Overfull \hbox (4.23013pt too wide) in paragraph at lines 329--330
[]|\OT1/ptm/m/n/10 (-20) X| 
 []


Overfull \hbox (4.23013pt too wide) in paragraph at lines 331--332
[]|\OT1/ptm/m/n/10 (-20) X| 
 []


Overfull \hbox (4.23013pt too wide) in paragraph at lines 338--339
[]|\OT1/ptm/m/n/10 (-20) X| 
 []


Overfull \hbox (4.23013pt too wide) in paragraph at lines 340--341
[]|\OT1/ptm/m/n/10 (-20) X| 
 []


Underfull \hbox (badness 1371) in paragraph at lines 346--347
[]|\OT1/ptm/m/n/10 (+20) Discovery & us-
 []


Underfull \hbox (badness 2503) in paragraph at lines 348--349
[]|\OT1/ptm/m/n/10 (+20) IdP dis-cov-ery should be ``smart
 []


Overfull \hbox (4.23013pt too wide) in paragraph at lines 349--349
[]|\OT1/ptm/m/n/10 (-20) X| 
 []


Overfull \hbox (4.23013pt too wide) in paragraph at lines 349--349
[]|\OT1/ptm/m/n/10 (-20) X| 
 []


Overfull \hbox (4.23013pt too wide) in paragraph at lines 349--349
[]|\OT1/ptm/m/n/10 (-20) X| 
 []


Overfull \hbox (4.23013pt too wide) in paragraph at lines 349--349
[]|\OT1/ptm/m/n/10 (-20) X| 
 []


Overfull \hbox (4.23013pt too wide) in paragraph at lines 349--349
[]|\OT1/ptm/m/n/10 (-20) X| 
 []


Overfull \hbox (4.23013pt too wide) in paragraph at lines 349--349
[]|\OT1/ptm/m/n/10 (-20) X| 
 []


Overfull \hbox (4.23013pt too wide) in paragraph at lines 349--350
[]|\OT1/ptm/m/n/10 (-20) X| 
 []


Overfull \hbox (4.23013pt too wide) in paragraph at lines 353--354
[]|\OT1/ptm/m/n/10 (-20) X| 
 []


Overfull \hbox (4.23013pt too wide) in paragraph at lines 354--355
[]|\OT1/ptm/m/n/10 (-20) X| 
 []


Overfull \hbox (4.23013pt too wide) in paragraph at lines 355--356
[]|\OT1/ptm/m/n/10 (-20) X| 
 []


Overfull \hbox (4.23013pt too wide) in paragraph at lines 366--367
[]|\OT1/ptm/m/n/10 (-20) X| 
 []


Overfull \hbox (4.23013pt too wide) in paragraph at lines 367--368
[]|\OT1/ptm/m/n/10 (-20) X| 
 []


Overfull \hbox (4.23013pt too wide) in paragraph at lines 370--371
[]|\OT1/ptm/m/n/10 (-20) X| 
 []


Underfull \hbox (badness 1215) in paragraph at lines 374--375
\OT1/ptm/m/n/10 (+20) based on iden-tity cre-den-tials, at-
 []


Overfull \hbox (4.23013pt too wide) in paragraph at lines 377--378
[]|\OT1/ptm/m/n/10 (-20) X| 
 []


Overfull \hbox (4.23013pt too wide) in paragraph at lines 378--379
[]|\OT1/ptm/m/n/10 (-20) X| 
 []


Overfull \hbox (4.23013pt too wide) in paragraph at lines 379--380
[]|\OT1/ptm/m/n/10 (-20) X| 
 []


Overfull \hbox (4.23013pt too wide) in paragraph at lines 387--388
[]|\OT1/ptm/m/n/10 (-20) X| 
 []


Overfull \hbox (4.23013pt too wide) in paragraph at lines 388--389
[]|\OT1/ptm/m/n/10 (-20) X| 
 []


Overfull \hbox (4.23013pt too wide) in paragraph at lines 389--390
[]|\OT1/ptm/m/n/10 (-20) X| 
 []


Underfull \hbox (badness 2980) in paragraph at lines 393--394
[]|\OT1/ptm/m/n/10 (+20) Service Provider
 []


Underfull \hbox (badness 10000) in paragraph at lines 393--394
\OT1/ptm/m/n/10 (+20) quota man-age-
 []


Underfull \hbox (badness 4621) in paragraph at lines 393--394
\OT1/ptm/m/n/10 (+20) al-lo-ca-tion + ac-
 []


Underfull \hbox (badness 10000) in paragraph at lines 393--394
\OT1/ptm/m/n/10 (+20) count-ing, e.g.
 []


Underfull \hbox (badness 10000) in paragraph at lines 393--394
\OT1/ptm/m/n/10 (+20) com-puter re-
 []


Underfull \hbox (badness 10000) in paragraph at lines 393--394
\OT1/ptm/m/n/10 (+20) sources, ac-cess
 []


Overfull \hbox (4.23013pt too wide) in paragraph at lines 397--398
[]|\OT1/ptm/m/n/10 (-20) X| 
 []


Overfull \hbox (4.23013pt too wide) in paragraph at lines 398--399
[]|\OT1/ptm/m/n/10 (-20) X| 
 []


Overfull \hbox (4.23013pt too wide) in paragraph at lines 399--400
[]|\OT1/ptm/m/n/10 (-20) X| 
 []


Overfull \hbox (4.23013pt too wide) in paragraph at lines 401--402
[]|\OT1/ptm/m/n/10 (-20) X| 
 []


Overfull \hbox (4.23013pt too wide) in paragraph at lines 405--406
[]|\OT1/ptm/m/n/10 (-20) X| 
 []


Overfull \hbox (4.23013pt too wide) in paragraph at lines 407--408
[]|\OT1/ptm/m/n/10 (-20) X| 
 []


Overfull \hbox (4.23013pt too wide) in paragraph at lines 408--409
[]|\OT1/ptm/m/n/10 (-20) X| 
 []


Overfull \hbox (4.23013pt too wide) in paragraph at lines 409--410
[]|\OT1/ptm/m/n/10 (-20) X| 
 []


Underfull \hbox (badness 6477) in paragraph at lines 413--414
[]|\OT1/ptm/m/n/10 (+20) Bona-Fide users
 []


Underfull \hbox (badness 1221) in paragraph at lines 414--415
\OT1/ptm/m/n/10 (+20) ac-cess) to a dataset or other re-
 []


Overfull \hbox (4.23013pt too wide) in paragraph at lines 415--416
[]|\OT1/ptm/m/n/10 (-20) X| 
 []


Overfull \hbox (4.23013pt too wide) in paragraph at lines 416--417
[]|\OT1/ptm/m/n/10 (-20) X| 
 []


Overfull \hbox (4.23013pt too wide) in paragraph at lines 417--418
[]|\OT1/ptm/m/n/10 (-20) X| 
 []


Overfull \hbox (4.23013pt too wide) in paragraph at lines 418--419
[]|\OT1/ptm/m/n/10 (-20) X| 
 []


Overfull \hbox (4.23013pt too wide) in paragraph at lines 419--420
[]|\OT1/ptm/m/n/10 (-20) X| 
 []


Overfull \hbox (4.23013pt too wide) in paragraph at lines 420--421
[]|\OT1/ptm/m/n/10 (-20) X| 
 []


Overfull \hbox (4.23013pt too wide) in paragraph at lines 421--422
[]|\OT1/ptm/m/n/10 (-20) X| 
 []


Underfull \hbox (badness 10000) in paragraph at lines 423--424
[]|\OT1/ptm/m/n/10 (+20) Group man-age-
 []


Overfull \hbox (4.23013pt too wide) in paragraph at lines 427--428
[]|\OT1/ptm/m/n/10 (-20) X| 
 []


Overfull \hbox (4.23013pt too wide) in paragraph at lines 428--429
[]|\OT1/ptm/m/n/10 (-20) X| 
 []


Overfull \hbox (4.23013pt too wide) in paragraph at lines 429--430
[]|\OT1/ptm/m/n/10 (-20) X| 
 []


Overfull \hbox (4.23013pt too wide) in paragraph at lines 437--438
[]|\OT1/ptm/m/n/10 (-20) X| 
 []


Overfull \hbox (4.23013pt too wide) in paragraph at lines 438--439
[]|\OT1/ptm/m/n/10 (-20) X| 
 []


Overfull \hbox (4.23013pt too wide) in paragraph at lines 439--440
[]|\OT1/ptm/m/n/10 (-20) X| 
 []


Overfull \hbox (4.23013pt too wide) in paragraph at lines 446--447
[]|\OT1/ptm/m/n/10 (-20) X| 
 []


Overfull \hbox (4.23013pt too wide) in paragraph at lines 447--448
[]|\OT1/ptm/m/n/10 (-20) X| 
 []


Overfull \hbox (4.23013pt too wide) in paragraph at lines 448--449
[]|\OT1/ptm/m/n/10 (-20) X| 
 []


Underfull \hbox (badness 10000) in paragraph at lines 454--455
[]|\OT1/ptm/m/n/10 (+20) Entity at-tribute
 []


Underfull \hbox (badness 4713) in paragraph at lines 454--455
\OT1/ptm/m/n/10 (+20) adop-tion stream-
 []


Overfull \hbox (4.23013pt too wide) in paragraph at lines 457--458
[]|\OT1/ptm/m/n/10 (-20) X| 
 []


Overfull \hbox (4.23013pt too wide) in paragraph at lines 458--459
[]|\OT1/ptm/m/n/10 (-20) X| 
 []


Overfull \hbox (4.23013pt too wide) in paragraph at lines 459--460
[]|\OT1/ptm/m/n/10 (-20) X| 
 []


Overfull \hbox (4.23013pt too wide) in paragraph at lines 460--461
[]|\OT1/ptm/m/n/10 (-20) X| 
 []


Overfull \hbox (4.23013pt too wide) in paragraph at lines 462--463
[]|\OT1/ptm/m/n/10 (-20) X| 
 []


Underfull \hbox (badness 3930) in paragraph at lines 464--465
[]|\OT1/ptm/m/n/10 (+20) Attribute re-lease
 []


Overfull \hbox (4.23013pt too wide) in paragraph at lines 466--467
[]|\OT1/ptm/m/n/10 (-20) X| 
 []


Overfull \hbox (4.23013pt too wide) in paragraph at lines 467--468
[]|\OT1/ptm/m/n/10 (-20) X| 
 []


Overfull \hbox (4.23013pt too wide) in paragraph at lines 468--469
[]|\OT1/ptm/m/n/10 (-20) X| 
 []


Overfull \hbox (4.23013pt too wide) in paragraph at lines 477--478
[]|\OT1/ptm/m/n/10 (-20) X| 
 []


Overfull \hbox (4.23013pt too wide) in paragraph at lines 478--479
[]|\OT1/ptm/m/n/10 (-20) X| 
 []


Overfull \hbox (4.23013pt too wide) in paragraph at lines 479--480
[]|\OT1/ptm/m/n/10 (-20) X| 
 []


Underfull \hbox (badness 10000) in paragraph at lines 485--486
[]|\OT1/ptm/m/n/10 (+20) Peer as-sess-
 []


Underfull \hbox (badness 10000) in paragraph at lines 485--486
\OT1/ptm/m/n/10 (+20) re-sponse per-for-
 []


Underfull \hbox (badness 2617) in paragraph at lines 486--487
\OT1/ptm/m/n/10 (+20) a fed-er-ated se-cu-rity in-ci-dent re-
 []


Overfull \hbox (4.23013pt too wide) in paragraph at lines 489--490
[]|\OT1/ptm/m/n/10 (-20) X| 
 []


Overfull \hbox (4.23013pt too wide) in paragraph at lines 490--491
[]|\OT1/ptm/m/n/10 (-20) X| 
 []


Overfull \hbox (4.23013pt too wide) in paragraph at lines 493--494
[]|\OT1/ptm/m/n/10 (-20) X| 
 []


Underfull \hbox (badness 10000) in paragraph at lines 495--496
\OT1/ptm/m/n/10 (+20) com-mu-ni-ca-tion
 []


Overfull \hbox (4.23013pt too wide) in paragraph at lines 498--499
[]|\OT1/ptm/m/n/10 (-20) X| 
 []


Overfull \hbox (4.23013pt too wide) in paragraph at lines 499--500
[]|\OT1/ptm/m/n/10 (-20) X| 
 []


Overfull \hbox (4.23013pt too wide) in paragraph at lines 503--504
[]|\OT1/ptm/m/n/10 (-20) X| 
 []


Overfull \hbox (4.23013pt too wide) in paragraph at lines 508--509
[]|\OT1/ptm/m/n/10 (-20) X| 
 []


Overfull \hbox (4.23013pt too wide) in paragraph at lines 509--510
[]|\OT1/ptm/m/n/10 (-20) X| 
 []


Underfull \hbox (badness 10000) in paragraph at lines 516--517
[]|\OT1/ptm/m/n/10 (+20) IdP/SP Prox-ies
 []


Overfull \hbox (4.23013pt too wide) in paragraph at lines 519--520
[]|\OT1/ptm/m/n/10 (-20) X| 
 []


Overfull \hbox (4.23013pt too wide) in paragraph at lines 520--521
[]|\OT1/ptm/m/n/10 (-20) X| 
 []


Overfull \hbox (4.23013pt too wide) in paragraph at lines 521--522
[]|\OT1/ptm/m/n/10 (-20) X| 
 []


Overfull \hbox (4.23013pt too wide) in paragraph at lines 529--530
[]|\OT1/ptm/m/n/10 (-20) X| 
 []


Overfull \hbox (4.23013pt too wide) in paragraph at lines 531--532
[]|\OT1/ptm/m/n/10 (-20) X| 
 []


Overfull \hbox (4.23013pt too wide) in paragraph at lines 534--535
[]|\OT1/ptm/m/n/10 (-20) X| 
 []


Overfull \hbox (4.23013pt too wide) in paragraph at lines 539--540
[]|\OT1/ptm/m/n/10 (-20) X| 
 []


Overfull \hbox (4.23013pt too wide) in paragraph at lines 540--541
[]|\OT1/ptm/m/n/10 (-20) X| 
 []


Overfull \hbox (4.23013pt too wide) in paragraph at lines 541--542
[]|\OT1/ptm/m/n/10 (-20) X| 
 []


Overfull \hbox (4.23013pt too wide) in paragraph at lines 544--545
[]|\OT1/ptm/m/n/10 (-20) X| 
 []


Overfull \hbox (4.23013pt too wide) in paragraph at lines 549--550
[]|\OT1/ptm/m/n/10 (-20) X| 
 []


Underfull \hbox (badness 10000) in paragraph at lines 556--557
[]|\OT1/ptm/m/n/10 (+20) Assurance &
 []


Underfull \hbox (badness 10000) in paragraph at lines 556--557
\OT1/ptm/m/n/10 (+20) Multi Fac-tor
 []


Underfull \hbox (badness 10000) in paragraph at lines 556--557
\OT1/ptm/m/n/10 (+20) Au-then-ti-ca-tion
 []


Overfull \hbox (4.23013pt too wide) in paragraph at lines 559--560
[]|\OT1/ptm/m/n/10 (-20) X| 
 []


Overfull \hbox (4.23013pt too wide) in paragraph at lines 560--561
[]|\OT1/ptm/m/n/10 (-20) X| 
 []


Overfull \hbox (4.23013pt too wide) in paragraph at lines 561--562
[]|\OT1/ptm/m/n/10 (-20) X| 
 []


Overfull \hbox (4.23013pt too wide) in paragraph at lines 562--563
[]|\OT1/ptm/m/n/10 (-20) X| 
 []


Overfull \hbox (4.23013pt too wide) in paragraph at lines 564--565
[]|\OT1/ptm/m/n/10 (-20) X| 
 []


Underfull \hbox (badness 10000) in paragraph at lines 567--568
[]|\OT1/ptm/m/n/10 (+20) Step up
 []


Overfull \hbox (4.23013pt too wide) in paragraph at lines 569--570
[]|\OT1/ptm/m/n/10 (-20) X| 
 []


Overfull \hbox (4.23013pt too wide) in paragraph at lines 571--572
[]|\OT1/ptm/m/n/10 (-20) X| 
 []


Overfull \hbox (4.23013pt too wide) in paragraph at lines 573--574
[]|\OT1/ptm/m/n/10 (-20) X| 
 []


Underfull \hbox (badness 2334) in paragraph at lines 578--579
\OT1/ptm/m/n/10 (+20) con-sis-tent prop-a-
 []


Overfull \hbox (4.23013pt too wide) in paragraph at lines 581--582
[]|\OT1/ptm/m/n/10 (-20) X| 
 []


Underfull \hbox (badness 10000) in paragraph at lines 588--589
[]|\OT1/ptm/m/n/10 (+20) IdP de-ploy-ment
 []


Underfull \hbox (badness 1028) in paragraph at lines 589--590
\OT1/ptm/m/n/10 (+20) IdPs must meet in or-der to pro-
 []


Overfull \hbox (4.23013pt too wide) in paragraph at lines 590--591
[]|\OT1/ptm/m/n/10 (-20) X| 
 []


Overfull \hbox (4.23013pt too wide) in paragraph at lines 591--592
[]|\OT1/ptm/m/n/10 (-20) X| 
 []


Overfull \hbox (4.23013pt too wide) in paragraph at lines 592--593
[]|\OT1/ptm/m/n/10 (-20) X| 
 []


Overfull \hbox (4.23013pt too wide) in paragraph at lines 596--597
[]|\OT1/ptm/m/n/10 (-20) X| 
 []


Underfull \hbox (badness 10000) in paragraph at lines 598--599
[]|\OT1/ptm/m/n/10 (+20) Federation en-
 []


Underfull \hbox (badness 10000) in paragraph at lines 598--599
\OT1/ptm/m/n/10 (+20) tity at-tributes
 []


Underfull \hbox (badness 10000) in paragraph at lines 598--599
\OT1/ptm/m/n/10 (+20) de-signed to
 []


Underfull \hbox (badness 10000) in paragraph at lines 598--599
\OT1/ptm/m/n/10 (+20) en-hance user
 []


Overfull \hbox (4.23013pt too wide) in paragraph at lines 600--601
[]|\OT1/ptm/m/n/10 (-20) X| 
 []


Overfull \hbox (4.23013pt too wide) in paragraph at lines 601--602
[]|\OT1/ptm/m/n/10 (-20) X| 
 []


Overfull \hbox (4.23013pt too wide) in paragraph at lines 602--603
[]|\OT1/ptm/m/n/10 (-20) X| 
 []


Underfull \hbox (badness 10000) in paragraph at lines 609--610
[]|\OT1/ptm/m/n/10 (+20) Non-web use
 []


Overfull \hbox (4.23013pt too wide) in paragraph at lines 611--612
[]|\OT1/ptm/m/n/10 (-20) X| 
 []


Overfull \hbox (4.23013pt too wide) in paragraph at lines 612--613
[]|\OT1/ptm/m/n/10 (-20) X| 
 []


Overfull \hbox (4.23013pt too wide) in paragraph at lines 613--614
[]|\OT1/ptm/m/n/10 (-20) X| 
 []


Overfull \hbox (4.23013pt too wide) in paragraph at lines 614--615
[]|\OT1/ptm/m/n/10 (-20) X| 
 []


Overfull \hbox (4.23013pt too wide) in paragraph at lines 615--616
[]|\OT1/ptm/m/n/10 (-20) X| 
 []


Overfull \hbox (4.23013pt too wide) in paragraph at lines 616--617
[]|\OT1/ptm/m/n/10 (-20) X| 
 []


Overfull \hbox (4.23013pt too wide) in paragraph at lines 621--622
[]|\OT1/ptm/m/n/10 (-20) X| 
 []


Overfull \hbox (4.23013pt too wide) in paragraph at lines 623--624
[]|\OT1/ptm/m/n/10 (-20) X| 
 []


Overfull \hbox (4.23013pt too wide) in paragraph at lines 625--626
[]|\OT1/ptm/m/n/10 (-20) X| 
 []


Underfull \hbox (badness 1067) in paragraph at lines 630--631
[]|\OT1/ptm/m/n/10 (+20) Delegation here means pro-vid-ing
 []


Overfull \hbox (4.23013pt too wide) in paragraph at lines 633--634
[]|\OT1/ptm/m/n/10 (-20) X| 
 []


Overfull \hbox (4.23013pt too wide) in paragraph at lines 635--636
[]|\OT1/ptm/m/n/10 (-20) X| 
 []


Overfull \hbox (4.23013pt too wide) in paragraph at lines 636--637
[]|\OT1/ptm/m/n/10 (-20) X| 
 []


Overfull \hbox (4.23013pt too wide) in paragraph at lines 643--644
[]|\OT1/ptm/m/n/10 (-20) X| 
 []


Underfull \hbox (badness 10000) in paragraph at lines 649--650
[]|\OT1/ptm/m/n/10 (+20) On-boarding &
 []


Underfull \hbox (badness 10000) in paragraph at lines 650--651
[]|\OT1/ptm/m/n/10 (+20) Non-legal en-tity
 []


Underfull \hbox (badness 10000) in paragraph at lines 650--651
\OT1/ptm/m/n/10 (+20) par-tic-i-pa-tion in
 []


Overfull \hbox (4.23013pt too wide) in paragraph at lines 653--654
[]|\OT1/ptm/m/n/10 (-20) X| 
 []


Overfull \hbox (4.23013pt too wide) in paragraph at lines 658--659
[]|\OT1/ptm/m/n/10 (-20) X| 
 []


Overfull \hbox (4.23013pt too wide) in paragraph at lines 663--664
[]|\OT1/ptm/m/n/10 (-20) X| 
 []


Overfull \hbox (4.23013pt too wide) in paragraph at lines 674--675
[]|\OT1/ptm/m/n/10 (-20) X| 
 []


Underfull \hbox (badness 10000) in paragraph at lines 680--681
[]|\OT1/ptm/m/n/10 (+20) Simple pro-cess
 []


Overfull \hbox (4.23013pt too wide) in paragraph at lines 683--684
[]|\OT1/ptm/m/n/10 (-20) X| 
 []


Overfull \hbox (4.23013pt too wide) in paragraph at lines 684--685
[]|\OT1/ptm/m/n/10 (-20) X| 
 []


Overfull \hbox (4.23013pt too wide) in paragraph at lines 693--694
[]|\OT1/ptm/m/n/10 (-20) X| 
 []


Overfull \hbox (4.23013pt too wide) in paragraph at lines 703--704
[]|\OT1/ptm/m/n/10 (-20) X| 
 []


Underfull \hbox (badness 10000) in paragraph at lines 710--711
[]|\OT1/ptm/m/n/10 (+20) IdPoLR not-a-
 []


Overfull \hbox (4.23013pt too wide) in paragraph at lines 713--714
[]|\OT1/ptm/m/n/10 (-20) X| 
 []


Overfull \hbox (4.23013pt too wide) in paragraph at lines 718--719
[]|\OT1/ptm/m/n/10 (-20) X| 
 []


Underfull \hbox (badness 1117) in paragraph at lines 720--721
[]|\OT1/ptm/m/n/10 (+20) Sustainable op-er-
 []


Overfull \hbox (4.23013pt too wide) in paragraph at lines 723--724
[]|\OT1/ptm/m/n/10 (-20) X| 
 []

[11] [12] [13] [14] [15]
LaTeX Font Info:    Font shape `OT1/phv/bx/it' in size <9> not available
(Font)              Font shape `OT1/phv/b/it' tried instead on input line 737.
LaTeX Font Info:    Font shape `OT1/phv/b/it' in size <9> not available
(Font)              Font shape `OT1/phv/b/sl' tried instead on input line 737.

<RequirementsBreakdown.png, id=542, 624.3325pt x 263.98625pt>
File: RequirementsBreakdown.png Graphic file (type png)

<use RequirementsBreakdown.png>
Package pdftex.def Info: RequirementsBreakdown.png used on input line 753.
(pdftex.def)             Requested size: 338.58632pt x 143.16675pt.
 [16]
<RequirementsVoting.png, id=552, 615.29875pt x 375.4025pt>
File: RequirementsVoting.png Graphic file (type png)

<use RequirementsVoting.png>
Package pdftex.def Info: RequirementsVoting.png used on input line 768.
(pdftex.def)             Requested size: 338.58632pt x 206.58084pt.
 [17 <./RequirementsBreakdown.png> <./RequirementsVoting.png>] [18] [19]
Overfull \hbox (25.19997pt too wide) in alignment at lines 834--885
 [] [] 
 []


Underfull \vbox (badness 10000) detected at line 885
 []

(./fim4rv2.bbl
LaTeX Font Info:    Try loading font information for OT1+pcr on input line 14.
 (/usr/local/texlive/2015/texmf-dist/tex/latex/psnfss/ot1pcr.fd
File: ot1pcr.fd 2001/06/04 font definitions for OT1/pcr.
)
Package microtype Info: Loading generic settings for font family
(microtype)             `pcr' (encoding: OT1).
(microtype)             For optimal results, create family-specific settings.
(microtype)             See the microtype manual for details.

[20] [21]) [22] [23] (./fim4rv2-authors-appendix.tex
Overfull \hbox (7.32079pt too wide) in alignment at lines 10--20
 [] [] [] [] 
 []


Overfull \hbox (7.32079pt too wide) in alignment at lines 20--138
 [] [] [] [] 
 []


Overfull \hbox (7.32079pt too wide) in alignment at lines 138--258
 [] [] [] [] 
 []


Overfull \hbox (7.32079pt too wide) in alignment at lines 258--263
 [] [] [] [] 
 []

[24]) [25] [26] <eo.png, id=673, 636.3775pt x 321.2pt>
File: eo.png Graphic file (type png)
 <use eo.png>
Package pdftex.def Info: eo.png used on input line 946.
(pdftex.def)             Requested size: 338.58632pt x 170.89194pt.
 [27]
[28 <./eo.png>] <cta-table.png, id=687, 350.30875pt x 255.95625pt>
File: cta-table.png Graphic file (type png)

<use cta-table.png>
Package pdftex.def Info: cta-table.png used on input line 984.
(pdftex.def)             Requested size: 338.58632pt x 247.40631pt.
 <cta-aai.png, id=690, 499.8675pt x 224.84pt>
File: cta-aai.png Graphic file (type png)

<use cta-aai.png>
Package pdftex.def Info: cta-aai.png used on input line 995.
(pdftex.def)             Requested size: 338.58632pt x 152.3025pt.
 [29 <./cta-table.png>] [30 <./cta-aai.png>] [31] [32]
[33]
Underfull \hbox (badness 4266) in paragraph at lines 1124--1124
[]|\OT1/ptm/m/n/10 (+20) Biobanking & biomolec-u-lar re-
 []

[34] [35] [36] [37] [38] <ska-domain.png, id=755, 630.355pt x 306.14375pt>
File: ska-domain.png Graphic file (type png)

<use ska-domain.png>
Package pdftex.def Info: ska-domain.png used on input line 1280.
(pdftex.def)             Requested size: 338.58632pt x 164.4416pt.
 <ska-auth.png, id=756, 489.83pt x 348.30125pt>
File: ska-auth.png Graphic file (type png)

<use ska-auth.png>
Package pdftex.def Info: ska-auth.png used on input line 1287.
(pdftex.def)             Requested size: 338.58632pt x 240.76392pt.
 [39 <./ska-domain.png>] [40 <./ska-auth.png>]

AED: lastpage setting LastPage
[41]
Package atveryend Info: Empty hook `BeforeClearDocument' on input line 1329.
Package atveryend Info: Empty hook `AfterLastShipout' on input line 1329.
 (./fim4rv2.aux)
Package atveryend Info: Executing hook `AtVeryEndDocument' on input line 1329.
Package atveryend Info: Executing hook `AtEndAfterFileList' on input line 1329.

Package rerunfilecheck Info: File `fim4rv2.out' has not changed.
(rerunfilecheck)             Checksum: 2D4D076E793A8BEF501E52863DDD7428;5685.
 )
(\end occurred inside a group at level 1)

### simple group (level 1) entered at line 41 ({)
### bottom level 
Here is how much of TeX's memory you used:
 19542 strings out of 493089
 364987 string characters out of 6134842
 595306 words of memory out of 5000000
 22374 multiletter control sequences out of 15000+600000
 71060 words of font info for 268 fonts, out of 8000000 for 9000
 1141 hyphenation exceptions out of 8191
 43i,16n,47p,2656b,742s stack positions out of 5000i,500n,10000p,200000b,80000s
pdfTeX warning (dest): name{Hfootnote.2} has been referenced bu
t does not exist, replaced by a fixed one

{/usr/local/texlive/2015/texmf-dist/fonts/enc/dvips/base/8r.enc}</usr/local/tex
live/2015/texmf-dist/fonts/type1/public/amsfonts/cm/cmsy10.pfb></usr/local/texl
ive/2015/texmf-dist/fonts/type1/public/amsfonts/cm/cmsy7.pfb></usr/local/texliv
e/2015/texmf-dist/fonts/type1/public/amsfonts/cm/cmsy8.pfb></usr/local/texlive/
2015/texmf-dist/fonts/type1/urw/courier/ucrr8a.pfb></usr/local/texlive/2015/tex
mf-dist/fonts/type1/urw/helvetic/uhvb8a.pfb></usr/local/texlive/2015/texmf-dist
/fonts/type1/urw/helvetic/uhvbo8a.pfb></usr/local/texlive/2015/texmf-dist/fonts
/type1/urw/helvetic/uhvr8a.pfb></usr/local/texlive/2015/texmf-dist/fonts/type1/
urw/times/utmb8a.pfb></usr/local/texlive/2015/texmf-dist/fonts/type1/urw/times/
utmr8a.pfb></usr/local/texlive/2015/texmf-dist/fonts/type1/urw/times/utmri8a.pf
b>
Output written on fim4rv2.pdf (41 pages, 1916695 bytes).
PDF statistics:
 851 PDF objects out of 1000 (max. 8388607)
 708 compressed objects within 8 object streams
 171 named destinations out of 1000 (max. 500000)
 55876 words of extra memory for PDF output out of 61914 (max. 10000000)

